1
Full feature set accuracy: 0.900000
Naive plain prediction accuracy: 0.883333
Most porbable fill in accuracy: 0.888889
0 540 0.0
1 540 0.00185185185185
2 540 0.0037037037037
3 540 0.00555555555556
4 540 0.00740740740741
5 540 0.00925925925926
6 540 0.0111111111111
7 540 0.012962962963
8 540 0.0148148148148
9 540 0.0166666666667
10 540 0.0185185185185
11 540 0.0203703703704
12 540 0.0222222222222
13 540 0.0240740740741
14 540 0.0259259259259
15 540 0.0277777777778
16 540 0.0296296296296
17 540 0.0314814814815
18 540 0.0333333333333
19 540 0.0351851851852
20 540 0.037037037037
21 540 0.0388888888889
22 540 0.0407407407407
23 540 0.0425925925926
24 540 0.0444444444444
25 540 0.0462962962963
26 540 0.0481481481481
27 540 0.05
28 540 0.0518518518519
29 540 0.0537037037037
30 540 0.0555555555556
31 540 0.0574074074074
32 540 0.0592592592593
33 540 0.0611111111111
34 540 0.062962962963
35 540 0.0648148148148
36 540 0.0666666666667
37 540 0.0685185185185
38 540 0.0703703703704
39 540 0.0722222222222
40 540 0.0740740740741
41 540 0.0759259259259
42 540 0.0777777777778
43 540 0.0796296296296
44 540 0.0814814814815
45 540 0.0833333333333
46 540 0.0851851851852
47 540 0.087037037037
48 540 0.0888888888889
49 540 0.0907407407407
50 540 0.0925925925926
51 540 0.0944444444444
52 540 0.0962962962963
53 540 0.0981481481481
54 540 0.1
55 540 0.101851851852
56 540 0.103703703704
57 540 0.105555555556
58 540 0.107407407407
59 540 0.109259259259
60 540 0.111111111111
61 540 0.112962962963
62 540 0.114814814815
63 540 0.116666666667
64 540 0.118518518519
65 540 0.12037037037
66 540 0.122222222222
67 540 0.124074074074
68 540 0.125925925926
69 540 0.127777777778
70 540 0.12962962963
71 540 0.131481481481
72 540 0.133333333333
73 540 0.135185185185
74 540 0.137037037037
75 540 0.138888888889
76 540 0.140740740741
77 540 0.142592592593
78 540 0.144444444444
79 540 0.146296296296
80 540 0.148148148148
81 540 0.15
82 540 0.151851851852
83 540 0.153703703704
84 540 0.155555555556
85 540 0.157407407407
86 540 0.159259259259
87 540 0.161111111111
88 540 0.162962962963
89 540 0.164814814815
90 540 0.166666666667
91 540 0.168518518519
92 540 0.17037037037
93 540 0.172222222222
94 540 0.174074074074
95 540 0.175925925926
96 540 0.177777777778
97 540 0.17962962963
98 540 0.181481481481
99 540 0.183333333333
100 540 0.185185185185
101 540 0.187037037037
102 540 0.188888888889
103 540 0.190740740741
104 540 0.192592592593
105 540 0.194444444444
106 540 0.196296296296
107 540 0.198148148148
108 540 0.2
109 540 0.201851851852
110 540 0.203703703704
111 540 0.205555555556
112 540 0.207407407407
113 540 0.209259259259
114 540 0.211111111111
115 540 0.212962962963
116 540 0.214814814815
117 540 0.216666666667
118 540 0.218518518519
119 540 0.22037037037
120 540 0.222222222222
121 540 0.224074074074
122 540 0.225925925926
123 540 0.227777777778
124 540 0.22962962963
125 540 0.231481481481
126 540 0.233333333333
127 540 0.235185185185
128 540 0.237037037037
129 540 0.238888888889
130 540 0.240740740741
131 540 0.242592592593
132 540 0.244444444444
133 540 0.246296296296
134 540 0.248148148148
135 540 0.25
136 540 0.251851851852
137 540 0.253703703704
138 540 0.255555555556
139 540 0.257407407407
140 540 0.259259259259
141 540 0.261111111111
142 540 0.262962962963
143 540 0.264814814815
144 540 0.266666666667
145 540 0.268518518519
146 540 0.27037037037
147 540 0.272222222222
148 540 0.274074074074
149 540 0.275925925926
150 540 0.277777777778
151 540 0.27962962963
152 540 0.281481481481
153 540 0.283333333333
154 540 0.285185185185
155 540 0.287037037037
156 540 0.288888888889
157 540 0.290740740741
158 540 0.292592592593
159 540 0.294444444444
160 540 0.296296296296
161 540 0.298148148148
162 540 0.3
163 540 0.301851851852
164 540 0.303703703704
165 540 0.305555555556
166 540 0.307407407407
167 540 0.309259259259
168 540 0.311111111111
169 540 0.312962962963
170 540 0.314814814815
171 540 0.316666666667
172 540 0.318518518519
173 540 0.32037037037
174 540 0.322222222222
175 540 0.324074074074
176 540 0.325925925926
177 540 0.327777777778
178 540 0.32962962963
179 540 0.331481481481
180 540 0.333333333333
181 540 0.335185185185
182 540 0.337037037037
183 540 0.338888888889
184 540 0.340740740741
185 540 0.342592592593
186 540 0.344444444444
187 540 0.346296296296
188 540 0.348148148148
189 540 0.35
190 540 0.351851851852
191 540 0.353703703704
192 540 0.355555555556
193 540 0.357407407407
194 540 0.359259259259
195 540 0.361111111111
196 540 0.362962962963
197 540 0.364814814815
198 540 0.366666666667
199 540 0.368518518519
200 540 0.37037037037
201 540 0.372222222222
202 540 0.374074074074
203 540 0.375925925926
204 540 0.377777777778
205 540 0.37962962963
206 540 0.381481481481
207 540 0.383333333333
208 540 0.385185185185
209 540 0.387037037037
210 540 0.388888888889
211 540 0.390740740741
212 540 0.392592592593
213 540 0.394444444444
214 540 0.396296296296
215 540 0.398148148148
216 540 0.4
217 540 0.401851851852
218 540 0.403703703704
219 540 0.405555555556
220 540 0.407407407407
221 540 0.409259259259
222 540 0.411111111111
223 540 0.412962962963
224 540 0.414814814815
225 540 0.416666666667
226 540 0.418518518519
227 540 0.42037037037
228 540 0.422222222222
229 540 0.424074074074
230 540 0.425925925926
231 540 0.427777777778
232 540 0.42962962963
233 540 0.431481481481
234 540 0.433333333333
235 540 0.435185185185
236 540 0.437037037037
237 540 0.438888888889
238 540 0.440740740741
239 540 0.442592592593
240 540 0.444444444444
241 540 0.446296296296
242 540 0.448148148148
243 540 0.45
244 540 0.451851851852
245 540 0.453703703704
246 540 0.455555555556
247 540 0.457407407407
248 540 0.459259259259
249 540 0.461111111111
250 540 0.462962962963
251 540 0.464814814815
252 540 0.466666666667
253 540 0.468518518519
254 540 0.47037037037
255 540 0.472222222222
256 540 0.474074074074
257 540 0.475925925926
258 540 0.477777777778
259 540 0.47962962963
260 540 0.481481481481
261 540 0.483333333333
262 540 0.485185185185
263 540 0.487037037037
264 540 0.488888888889
265 540 0.490740740741
266 540 0.492592592593
267 540 0.494444444444
268 540 0.496296296296
269 540 0.498148148148
270 540 0.5
271 540 0.501851851852
272 540 0.503703703704
273 540 0.505555555556
274 540 0.507407407407
275 540 0.509259259259
276 540 0.511111111111
277 540 0.512962962963
278 540 0.514814814815
279 540 0.516666666667
280 540 0.518518518519
281 540 0.52037037037
282 540 0.522222222222
283 540 0.524074074074
284 540 0.525925925926
285 540 0.527777777778
286 540 0.52962962963
287 540 0.531481481481
288 540 0.533333333333
289 540 0.535185185185
290 540 0.537037037037
291 540 0.538888888889
292 540 0.540740740741
293 540 0.542592592593
294 540 0.544444444444
295 540 0.546296296296
296 540 0.548148148148
297 540 0.55
298 540 0.551851851852
299 540 0.553703703704
300 540 0.555555555556
301 540 0.557407407407
302 540 0.559259259259
303 540 0.561111111111
304 540 0.562962962963
305 540 0.564814814815
306 540 0.566666666667
307 540 0.568518518519
308 540 0.57037037037
309 540 0.572222222222
310 540 0.574074074074
311 540 0.575925925926
312 540 0.577777777778
313 540 0.57962962963
314 540 0.581481481481
315 540 0.583333333333
316 540 0.585185185185
317 540 0.587037037037
318 540 0.588888888889
319 540 0.590740740741
320 540 0.592592592593
321 540 0.594444444444
322 540 0.596296296296
323 540 0.598148148148
324 540 0.6
325 540 0.601851851852
326 540 0.603703703704
327 540 0.605555555556
328 540 0.607407407407
329 540 0.609259259259
330 540 0.611111111111
331 540 0.612962962963
332 540 0.614814814815
333 540 0.616666666667
334 540 0.618518518519
335 540 0.62037037037
336 540 0.622222222222
337 540 0.624074074074
338 540 0.625925925926
339 540 0.627777777778
340 540 0.62962962963
341 540 0.631481481481
342 540 0.633333333333
343 540 0.635185185185
344 540 0.637037037037
345 540 0.638888888889
346 540 0.640740740741
347 540 0.642592592593
348 540 0.644444444444
349 540 0.646296296296
350 540 0.648148148148
351 540 0.65
352 540 0.651851851852
353 540 0.653703703704
354 540 0.655555555556
355 540 0.657407407407
356 540 0.659259259259
357 540 0.661111111111
358 540 0.662962962963
359 540 0.664814814815
360 540 0.666666666667
361 540 0.668518518519
362 540 0.67037037037
363 540 0.672222222222
364 540 0.674074074074
365 540 0.675925925926
366 540 0.677777777778
367 540 0.67962962963
368 540 0.681481481481
369 540 0.683333333333
370 540 0.685185185185
371 540 0.687037037037
372 540 0.688888888889
373 540 0.690740740741
374 540 0.692592592593
375 540 0.694444444444
376 540 0.696296296296
377 540 0.698148148148
378 540 0.7
379 540 0.701851851852
380 540 0.703703703704
381 540 0.705555555556
382 540 0.707407407407
383 540 0.709259259259
384 540 0.711111111111
385 540 0.712962962963
386 540 0.714814814815
387 540 0.716666666667
388 540 0.718518518519
389 540 0.72037037037
390 540 0.722222222222
391 540 0.724074074074
392 540 0.725925925926
393 540 0.727777777778
394 540 0.72962962963
395 540 0.731481481481
396 540 0.733333333333
397 540 0.735185185185
398 540 0.737037037037
399 540 0.738888888889
400 540 0.740740740741
401 540 0.742592592593
402 540 0.744444444444
403 540 0.746296296296
404 540 0.748148148148
405 540 0.75
406 540 0.751851851852
407 540 0.753703703704
408 540 0.755555555556
409 540 0.757407407407
410 540 0.759259259259
411 540 0.761111111111
412 540 0.762962962963
413 540 0.764814814815
414 540 0.766666666667
415 540 0.768518518519
416 540 0.77037037037
417 540 0.772222222222
418 540 0.774074074074
419 540 0.775925925926
420 540 0.777777777778
421 540 0.77962962963
422 540 0.781481481481
423 540 0.783333333333
424 540 0.785185185185
425 540 0.787037037037
426 540 0.788888888889
427 540 0.790740740741
428 540 0.792592592593
429 540 0.794444444444
430 540 0.796296296296
431 540 0.798148148148
432 540 0.8
433 540 0.801851851852
434 540 0.803703703704
435 540 0.805555555556
436 540 0.807407407407
437 540 0.809259259259
438 540 0.811111111111
439 540 0.812962962963
440 540 0.814814814815
441 540 0.816666666667
442 540 0.818518518519
443 540 0.82037037037
444 540 0.822222222222
445 540 0.824074074074
446 540 0.825925925926
447 540 0.827777777778
448 540 0.82962962963
449 540 0.831481481481
450 540 0.833333333333
451 540 0.835185185185
452 540 0.837037037037
453 540 0.838888888889
454 540 0.840740740741
455 540 0.842592592593
456 540 0.844444444444
457 540 0.846296296296
458 540 0.848148148148
459 540 0.85
460 540 0.851851851852
461 540 0.853703703704
462 540 0.855555555556
463 540 0.857407407407
464 540 0.859259259259
465 540 0.861111111111
466 540 0.862962962963
467 540 0.864814814815
468 540 0.866666666667
469 540 0.868518518519
470 540 0.87037037037
471 540 0.872222222222
472 540 0.874074074074
473 540 0.875925925926
474 540 0.877777777778
475 540 0.87962962963
476 540 0.881481481481
477 540 0.883333333333
478 540 0.885185185185
479 540 0.887037037037
480 540 0.888888888889
481 540 0.890740740741
482 540 0.892592592593
483 540 0.894444444444
484 540 0.896296296296
485 540 0.898148148148
486 540 0.9
487 540 0.901851851852
488 540 0.903703703704
489 540 0.905555555556
490 540 0.907407407407
491 540 0.909259259259
492 540 0.911111111111
493 540 0.912962962963
494 540 0.914814814815
495 540 0.916666666667
496 540 0.918518518519
497 540 0.92037037037
498 540 0.922222222222
499 540 0.924074074074
500 540 0.925925925926
501 540 0.927777777778
502 540 0.92962962963
503 540 0.931481481481
504 540 0.933333333333
505 540 0.935185185185
506 540 0.937037037037
507 540 0.938888888889
508 540 0.940740740741
509 540 0.942592592593
510 540 0.944444444444
511 540 0.946296296296
512 540 0.948148148148
513 540 0.95
514 540 0.951851851852
515 540 0.953703703704
516 540 0.955555555556
517 540 0.957407407407
518 540 0.959259259259
519 540 0.961111111111
520 540 0.962962962963
521 540 0.964814814815
522 540 0.966666666667
523 540 0.968518518519
524 540 0.97037037037
525 540 0.972222222222
526 540 0.974074074074
527 540 0.975925925926
528 540 0.977777777778
529 540 0.97962962963
530 540 0.981481481481
531 540 0.983333333333
532 540 0.985185185185
533 540 0.987037037037
534 540 0.988888888889
535 540 0.990740740741
536 540 0.992592592593
537 540 0.994444444444
538 540 0.996296296296
539 540 0.998148148148
Conditional Total Probability Law computation accuracy: 0.887037
2
Full feature set accuracy: 0.900000
Naive plain prediction accuracy: 0.870370
Most porbable fill in accuracy: 0.885185
0 540 0.0
1 540 0.00185185185185
2 540 0.0037037037037
3 540 0.00555555555556
4 540 0.00740740740741
5 540 0.00925925925926
6 540 0.0111111111111
7 540 0.012962962963
8 540 0.0148148148148
9 540 0.0166666666667
10 540 0.0185185185185
11 540 0.0203703703704
12 540 0.0222222222222
13 540 0.0240740740741
14 540 0.0259259259259
15 540 0.0277777777778
16 540 0.0296296296296
17 540 0.0314814814815
18 540 0.0333333333333
19 540 0.0351851851852
20 540 0.037037037037
21 540 0.0388888888889
22 540 0.0407407407407
23 540 0.0425925925926
24 540 0.0444444444444
25 540 0.0462962962963
26 540 0.0481481481481
27 540 0.05
28 540 0.0518518518519
29 540 0.0537037037037
30 540 0.0555555555556
31 540 0.0574074074074
32 540 0.0592592592593
33 540 0.0611111111111
34 540 0.062962962963
35 540 0.0648148148148
36 540 0.0666666666667
37 540 0.0685185185185
38 540 0.0703703703704
39 540 0.0722222222222
40 540 0.0740740740741
41 540 0.0759259259259
42 540 0.0777777777778
43 540 0.0796296296296
44 540 0.0814814814815
45 540 0.0833333333333
46 540 0.0851851851852
47 540 0.087037037037
48 540 0.0888888888889
49 540 0.0907407407407
50 540 0.0925925925926
51 540 0.0944444444444
52 540 0.0962962962963
53 540 0.0981481481481
54 540 0.1
55 540 0.101851851852
56 540 0.103703703704
57 540 0.105555555556
58 540 0.107407407407
59 540 0.109259259259
60 540 0.111111111111
61 540 0.112962962963
62 540 0.114814814815
63 540 0.116666666667
64 540 0.118518518519
65 540 0.12037037037
66 540 0.122222222222
67 540 0.124074074074
68 540 0.125925925926
69 540 0.127777777778
70 540 0.12962962963
71 540 0.131481481481
72 540 0.133333333333
73 540 0.135185185185
74 540 0.137037037037
75 540 0.138888888889
76 540 0.140740740741
77 540 0.142592592593
78 540 0.144444444444
79 540 0.146296296296
80 540 0.148148148148
81 540 0.15
82 540 0.151851851852
83 540 0.153703703704
84 540 0.155555555556
85 540 0.157407407407
86 540 0.159259259259
87 540 0.161111111111
88 540 0.162962962963
89 540 0.164814814815
90 540 0.166666666667
91 540 0.168518518519
92 540 0.17037037037
93 540 0.172222222222
94 540 0.174074074074
95 540 0.175925925926
96 540 0.177777777778
97 540 0.17962962963
98 540 0.181481481481
99 540 0.183333333333
100 540 0.185185185185
101 540 0.187037037037
102 540 0.188888888889
103 540 0.190740740741
104 540 0.192592592593
105 540 0.194444444444
106 540 0.196296296296
107 540 0.198148148148
108 540 0.2
109 540 0.201851851852
110 540 0.203703703704
111 540 0.205555555556
112 540 0.207407407407
113 540 0.209259259259
114 540 0.211111111111
115 540 0.212962962963
116 540 0.214814814815
117 540 0.216666666667
118 540 0.218518518519
119 540 0.22037037037
120 540 0.222222222222
121 540 0.224074074074
122 540 0.225925925926
123 540 0.227777777778
124 540 0.22962962963
125 540 0.231481481481
126 540 0.233333333333
127 540 0.235185185185
128 540 0.237037037037
129 540 0.238888888889
130 540 0.240740740741
131 540 0.242592592593
132 540 0.244444444444
133 540 0.246296296296
134 540 0.248148148148
135 540 0.25
136 540 0.251851851852
137 540 0.253703703704
138 540 0.255555555556
139 540 0.257407407407
140 540 0.259259259259
141 540 0.261111111111
142 540 0.262962962963
143 540 0.264814814815
144 540 0.266666666667
145 540 0.268518518519
146 540 0.27037037037
147 540 0.272222222222
148 540 0.274074074074
149 540 0.275925925926
150 540 0.277777777778
151 540 0.27962962963
152 540 0.281481481481
153 540 0.283333333333
154 540 0.285185185185
155 540 0.287037037037
156 540 0.288888888889
157 540 0.290740740741
158 540 0.292592592593
159 540 0.294444444444
160 540 0.296296296296
161 540 0.298148148148
162 540 0.3
163 540 0.301851851852
164 540 0.303703703704
165 540 0.305555555556
166 540 0.307407407407
167 540 0.309259259259
168 540 0.311111111111
169 540 0.312962962963
170 540 0.314814814815
171 540 0.316666666667
172 540 0.318518518519
173 540 0.32037037037
174 540 0.322222222222
175 540 0.324074074074
176 540 0.325925925926
177 540 0.327777777778
178 540 0.32962962963
179 540 0.331481481481
180 540 0.333333333333
181 540 0.335185185185
182 540 0.337037037037
183 540 0.338888888889
184 540 0.340740740741
185 540 0.342592592593
186 540 0.344444444444
187 540 0.346296296296
188 540 0.348148148148
189 540 0.35
190 540 0.351851851852
191 540 0.353703703704
192 540 0.355555555556
193 540 0.357407407407
194 540 0.359259259259
195 540 0.361111111111
196 540 0.362962962963
197 540 0.364814814815
198 540 0.366666666667
199 540 0.368518518519
200 540 0.37037037037
201 540 0.372222222222
202 540 0.374074074074
203 540 0.375925925926
204 540 0.377777777778
205 540 0.37962962963
206 540 0.381481481481
207 540 0.383333333333
208 540 0.385185185185
209 540 0.387037037037
210 540 0.388888888889
211 540 0.390740740741
212 540 0.392592592593
213 540 0.394444444444
214 540 0.396296296296
215 540 0.398148148148
216 540 0.4
217 540 0.401851851852
218 540 0.403703703704
219 540 0.405555555556
220 540 0.407407407407
221 540 0.409259259259
222 540 0.411111111111
223 540 0.412962962963
224 540 0.414814814815
225 540 0.416666666667
226 540 0.418518518519
227 540 0.42037037037
228 540 0.422222222222
229 540 0.424074074074
230 540 0.425925925926
231 540 0.427777777778
232 540 0.42962962963
233 540 0.431481481481
234 540 0.433333333333
235 540 0.435185185185
236 540 0.437037037037
237 540 0.438888888889
238 540 0.440740740741
239 540 0.442592592593
240 540 0.444444444444
241 540 0.446296296296
242 540 0.448148148148
243 540 0.45
244 540 0.451851851852
245 540 0.453703703704
246 540 0.455555555556
247 540 0.457407407407
248 540 0.459259259259
249 540 0.461111111111
250 540 0.462962962963
251 540 0.464814814815
252 540 0.466666666667
253 540 0.468518518519
254 540 0.47037037037
255 540 0.472222222222
256 540 0.474074074074
257 540 0.475925925926
258 540 0.477777777778
259 540 0.47962962963
260 540 0.481481481481
261 540 0.483333333333
262 540 0.485185185185
263 540 0.487037037037
264 540 0.488888888889
265 540 0.490740740741
266 540 0.492592592593
267 540 0.494444444444
268 540 0.496296296296
269 540 0.498148148148
270 540 0.5
271 540 0.501851851852
272 540 0.503703703704
273 540 0.505555555556
274 540 0.507407407407
275 540 0.509259259259
276 540 0.511111111111
277 540 0.512962962963
278 540 0.514814814815
279 540 0.516666666667
280 540 0.518518518519
281 540 0.52037037037
282 540 0.522222222222
283 540 0.524074074074
284 540 0.525925925926
285 540 0.527777777778
286 540 0.52962962963
287 540 0.531481481481
288 540 0.533333333333
289 540 0.535185185185
290 540 0.537037037037
291 540 0.538888888889
292 540 0.540740740741
293 540 0.542592592593
294 540 0.544444444444
295 540 0.546296296296
296 540 0.548148148148
297 540 0.55
298 540 0.551851851852
299 540 0.553703703704
300 540 0.555555555556
301 540 0.557407407407
302 540 0.559259259259
303 540 0.561111111111
304 540 0.562962962963
305 540 0.564814814815
306 540 0.566666666667
307 540 0.568518518519
308 540 0.57037037037
309 540 0.572222222222
310 540 0.574074074074
311 540 0.575925925926
312 540 0.577777777778
313 540 0.57962962963
314 540 0.581481481481
315 540 0.583333333333
316 540 0.585185185185
317 540 0.587037037037
318 540 0.588888888889
319 540 0.590740740741
320 540 0.592592592593
321 540 0.594444444444
322 540 0.596296296296
323 540 0.598148148148
324 540 0.6
325 540 0.601851851852
326 540 0.603703703704
327 540 0.605555555556
328 540 0.607407407407
329 540 0.609259259259
330 540 0.611111111111
331 540 0.612962962963
332 540 0.614814814815
333 540 0.616666666667
334 540 0.618518518519
335 540 0.62037037037
336 540 0.622222222222
337 540 0.624074074074
338 540 0.625925925926
339 540 0.627777777778
340 540 0.62962962963
341 540 0.631481481481
342 540 0.633333333333
343 540 0.635185185185
344 540 0.637037037037
345 540 0.638888888889
346 540 0.640740740741
347 540 0.642592592593
348 540 0.644444444444
349 540 0.646296296296
350 540 0.648148148148
351 540 0.65
352 540 0.651851851852
353 540 0.653703703704
354 540 0.655555555556
355 540 0.657407407407
356 540 0.659259259259
357 540 0.661111111111
358 540 0.662962962963
359 540 0.664814814815
360 540 0.666666666667
361 540 0.668518518519
362 540 0.67037037037
363 540 0.672222222222
364 540 0.674074074074
365 540 0.675925925926
366 540 0.677777777778
367 540 0.67962962963
368 540 0.681481481481
369 540 0.683333333333
370 540 0.685185185185
371 540 0.687037037037
372 540 0.688888888889
373 540 0.690740740741
374 540 0.692592592593
375 540 0.694444444444
376 540 0.696296296296
377 540 0.698148148148
378 540 0.7
379 540 0.701851851852
380 540 0.703703703704
381 540 0.705555555556
382 540 0.707407407407
383 540 0.709259259259
384 540 0.711111111111
385 540 0.712962962963
386 540 0.714814814815
387 540 0.716666666667
388 540 0.718518518519
389 540 0.72037037037
390 540 0.722222222222
391 540 0.724074074074
392 540 0.725925925926
393 540 0.727777777778
394 540 0.72962962963
395 540 0.731481481481
396 540 0.733333333333
397 540 0.735185185185
398 540 0.737037037037
399 540 0.738888888889
400 540 0.740740740741
401 540 0.742592592593
402 540 0.744444444444
403 540 0.746296296296
404 540 0.748148148148
405 540 0.75
406 540 0.751851851852
407 540 0.753703703704
408 540 0.755555555556
409 540 0.757407407407
410 540 0.759259259259
411 540 0.761111111111
412 540 0.762962962963
413 540 0.764814814815
414 540 0.766666666667
415 540 0.768518518519
416 540 0.77037037037
417 540 0.772222222222
418 540 0.774074074074
419 540 0.775925925926
420 540 0.777777777778
421 540 0.77962962963
422 540 0.781481481481
423 540 0.783333333333
424 540 0.785185185185
425 540 0.787037037037
426 540 0.788888888889
427 540 0.790740740741
428 540 0.792592592593
429 540 0.794444444444
430 540 0.796296296296
431 540 0.798148148148
432 540 0.8
433 540 0.801851851852
434 540 0.803703703704
435 540 0.805555555556
436 540 0.807407407407
437 540 0.809259259259
438 540 0.811111111111
439 540 0.812962962963
440 540 0.814814814815
441 540 0.816666666667
442 540 0.818518518519
443 540 0.82037037037
444 540 0.822222222222
445 540 0.824074074074
446 540 0.825925925926
447 540 0.827777777778
448 540 0.82962962963
449 540 0.831481481481
450 540 0.833333333333
451 540 0.835185185185
452 540 0.837037037037
453 540 0.838888888889
454 540 0.840740740741
455 540 0.842592592593
456 540 0.844444444444
457 540 0.846296296296
458 540 0.848148148148
459 540 0.85
460 540 0.851851851852
461 540 0.853703703704
462 540 0.855555555556
463 540 0.857407407407
464 540 0.859259259259
465 540 0.861111111111
466 540 0.862962962963
467 540 0.864814814815
468 540 0.866666666667
469 540 0.868518518519
470 540 0.87037037037
471 540 0.872222222222
472 540 0.874074074074
473 540 0.875925925926
474 540 0.877777777778
475 540 0.87962962963
476 540 0.881481481481
477 540 0.883333333333
478 540 0.885185185185
479 540 0.887037037037
480 540 0.888888888889
481 540 0.890740740741
482 540 0.892592592593
483 540 0.894444444444
484 540 0.896296296296
485 540 0.898148148148
486 540 0.9
487 540 0.901851851852
488 540 0.903703703704
489 540 0.905555555556
490 540 0.907407407407
491 540 0.909259259259
492 540 0.911111111111
493 540 0.912962962963
494 540 0.914814814815
495 540 0.916666666667
496 540 0.918518518519
497 540 0.92037037037
498 540 0.922222222222
499 540 0.924074074074
500 540 0.925925925926
501 540 0.927777777778
502 540 0.92962962963
503 540 0.931481481481
504 540 0.933333333333
505 540 0.935185185185
506 540 0.937037037037
507 540 0.938888888889
508 540 0.940740740741
509 540 0.942592592593
510 540 0.944444444444
511 540 0.946296296296
512 540 0.948148148148
513 540 0.95
514 540 0.951851851852
515 540 0.953703703704
516 540 0.955555555556
517 540 0.957407407407
518 540 0.959259259259
519 540 0.961111111111
520 540 0.962962962963
521 540 0.964814814815
522 540 0.966666666667
523 540 0.968518518519
524 540 0.97037037037
525 540 0.972222222222
526 540 0.974074074074
527 540 0.975925925926
528 540 0.977777777778
529 540 0.97962962963
530 540 0.981481481481
531 540 0.983333333333
532 540 0.985185185185
533 540 0.987037037037
534 540 0.988888888889
535 540 0.990740740741
536 540 0.992592592593
537 540 0.994444444444
538 540 0.996296296296
539 540 0.998148148148
Conditional Total Probability Law computation accuracy: 0.887037
3
Full feature set accuracy: 0.900000
Naive plain prediction accuracy: 0.853704
Most porbable fill in accuracy: 0.866667
0 540 0.0
1 540 0.00185185185185
2 540 0.0037037037037
3 540 0.00555555555556
4 540 0.00740740740741
5 540 0.00925925925926
6 540 0.0111111111111
7 540 0.012962962963
8 540 0.0148148148148
9 540 0.0166666666667
10 540 0.0185185185185
11 540 0.0203703703704
12 540 0.0222222222222
13 540 0.0240740740741
14 540 0.0259259259259
15 540 0.0277777777778
16 540 0.0296296296296
17 540 0.0314814814815
18 540 0.0333333333333
19 540 0.0351851851852
20 540 0.037037037037
21 540 0.0388888888889
22 540 0.0407407407407
23 540 0.0425925925926
24 540 0.0444444444444
25 540 0.0462962962963
26 540 0.0481481481481
27 540 0.05
28 540 0.0518518518519
29 540 0.0537037037037
30 540 0.0555555555556
31 540 0.0574074074074
32 540 0.0592592592593
33 540 0.0611111111111
34 540 0.062962962963
35 540 0.0648148148148
36 540 0.0666666666667
37 540 0.0685185185185
38 540 0.0703703703704
39 540 0.0722222222222
40 540 0.0740740740741
41 540 0.0759259259259
42 540 0.0777777777778
43 540 0.0796296296296
44 540 0.0814814814815
45 540 0.0833333333333
46 540 0.0851851851852
47 540 0.087037037037
48 540 0.0888888888889
49 540 0.0907407407407
50 540 0.0925925925926
51 540 0.0944444444444
52 540 0.0962962962963
53 540 0.0981481481481
54 540 0.1
55 540 0.101851851852
56 540 0.103703703704
57 540 0.105555555556
58 540 0.107407407407
59 540 0.109259259259
60 540 0.111111111111
61 540 0.112962962963
62 540 0.114814814815
63 540 0.116666666667
64 540 0.118518518519
65 540 0.12037037037
66 540 0.122222222222
67 540 0.124074074074
68 540 0.125925925926
69 540 0.127777777778
70 540 0.12962962963
71 540 0.131481481481
72 540 0.133333333333
73 540 0.135185185185
74 540 0.137037037037
75 540 0.138888888889
76 540 0.140740740741
77 540 0.142592592593
78 540 0.144444444444
79 540 0.146296296296
80 540 0.148148148148
81 540 0.15
82 540 0.151851851852
83 540 0.153703703704
84 540 0.155555555556
85 540 0.157407407407
86 540 0.159259259259
87 540 0.161111111111
88 540 0.162962962963
89 540 0.164814814815
90 540 0.166666666667
91 540 0.168518518519
92 540 0.17037037037
93 540 0.172222222222
94 540 0.174074074074
95 540 0.175925925926
96 540 0.177777777778
97 540 0.17962962963
98 540 0.181481481481
99 540 0.183333333333
100 540 0.185185185185
101 540 0.187037037037
102 540 0.188888888889
103 540 0.190740740741
104 540 0.192592592593
105 540 0.194444444444
106 540 0.196296296296
107 540 0.198148148148
108 540 0.2
109 540 0.201851851852
110 540 0.203703703704
111 540 0.205555555556
112 540 0.207407407407
113 540 0.209259259259
114 540 0.211111111111
115 540 0.212962962963
116 540 0.214814814815
117 540 0.216666666667
118 540 0.218518518519
119 540 0.22037037037
120 540 0.222222222222
121 540 0.224074074074
122 540 0.225925925926
123 540 0.227777777778
124 540 0.22962962963
125 540 0.231481481481
126 540 0.233333333333
127 540 0.235185185185
128 540 0.237037037037
129 540 0.238888888889
130 540 0.240740740741
131 540 0.242592592593
132 540 0.244444444444
133 540 0.246296296296
134 540 0.248148148148
135 540 0.25
136 540 0.251851851852
137 540 0.253703703704
138 540 0.255555555556
139 540 0.257407407407
140 540 0.259259259259
141 540 0.261111111111
142 540 0.262962962963
143 540 0.264814814815
144 540 0.266666666667
145 540 0.268518518519
146 540 0.27037037037
147 540 0.272222222222
148 540 0.274074074074
149 540 0.275925925926
150 540 0.277777777778
151 540 0.27962962963
152 540 0.281481481481
153 540 0.283333333333
154 540 0.285185185185
155 540 0.287037037037
156 540 0.288888888889
157 540 0.290740740741
158 540 0.292592592593
159 540 0.294444444444
160 540 0.296296296296
161 540 0.298148148148
162 540 0.3
163 540 0.301851851852
164 540 0.303703703704
165 540 0.305555555556
166 540 0.307407407407
167 540 0.309259259259
168 540 0.311111111111
169 540 0.312962962963
170 540 0.314814814815
171 540 0.316666666667
172 540 0.318518518519
173 540 0.32037037037
174 540 0.322222222222
175 540 0.324074074074
176 540 0.325925925926
177 540 0.327777777778
178 540 0.32962962963
179 540 0.331481481481
180 540 0.333333333333
181 540 0.335185185185
182 540 0.337037037037
183 540 0.338888888889
184 540 0.340740740741
185 540 0.342592592593
186 540 0.344444444444
187 540 0.346296296296
188 540 0.348148148148
189 540 0.35
190 540 0.351851851852
191 540 0.353703703704
192 540 0.355555555556
193 540 0.357407407407
194 540 0.359259259259
195 540 0.361111111111
196 540 0.362962962963
197 540 0.364814814815
198 540 0.366666666667
199 540 0.368518518519
200 540 0.37037037037
201 540 0.372222222222
202 540 0.374074074074
203 540 0.375925925926
204 540 0.377777777778
205 540 0.37962962963
206 540 0.381481481481
207 540 0.383333333333
208 540 0.385185185185
209 540 0.387037037037
210 540 0.388888888889
211 540 0.390740740741
212 540 0.392592592593
213 540 0.394444444444
214 540 0.396296296296
215 540 0.398148148148
216 540 0.4
217 540 0.401851851852
218 540 0.403703703704
219 540 0.405555555556
220 540 0.407407407407
221 540 0.409259259259
222 540 0.411111111111
223 540 0.412962962963
224 540 0.414814814815
225 540 0.416666666667
226 540 0.418518518519
227 540 0.42037037037
228 540 0.422222222222
229 540 0.424074074074
230 540 0.425925925926
231 540 0.427777777778
232 540 0.42962962963
233 540 0.431481481481
234 540 0.433333333333
235 540 0.435185185185
236 540 0.437037037037
237 540 0.438888888889
238 540 0.440740740741
239 540 0.442592592593
240 540 0.444444444444
241 540 0.446296296296
242 540 0.448148148148
243 540 0.45
244 540 0.451851851852
245 540 0.453703703704
246 540 0.455555555556
247 540 0.457407407407
248 540 0.459259259259
249 540 0.461111111111
250 540 0.462962962963
251 540 0.464814814815
252 540 0.466666666667
253 540 0.468518518519
254 540 0.47037037037
255 540 0.472222222222
256 540 0.474074074074
257 540 0.475925925926
258 540 0.477777777778
259 540 0.47962962963
260 540 0.481481481481
261 540 0.483333333333
262 540 0.485185185185
263 540 0.487037037037
264 540 0.488888888889
265 540 0.490740740741
266 540 0.492592592593
267 540 0.494444444444
268 540 0.496296296296
269 540 0.498148148148
270 540 0.5
271 540 0.501851851852
272 540 0.503703703704
273 540 0.505555555556
274 540 0.507407407407
275 540 0.509259259259
276 540 0.511111111111
277 540 0.512962962963
278 540 0.514814814815
279 540 0.516666666667
280 540 0.518518518519
281 540 0.52037037037
282 540 0.522222222222
283 540 0.524074074074
284 540 0.525925925926
285 540 0.527777777778
286 540 0.52962962963
287 540 0.531481481481
288 540 0.533333333333
289 540 0.535185185185
290 540 0.537037037037
291 540 0.538888888889
292 540 0.540740740741
293 540 0.542592592593
294 540 0.544444444444
295 540 0.546296296296
296 540 0.548148148148
297 540 0.55
298 540 0.551851851852
299 540 0.553703703704
300 540 0.555555555556
301 540 0.557407407407
302 540 0.559259259259
303 540 0.561111111111
304 540 0.562962962963
305 540 0.564814814815
306 540 0.566666666667
307 540 0.568518518519
308 540 0.57037037037
309 540 0.572222222222
310 540 0.574074074074
311 540 0.575925925926
312 540 0.577777777778
313 540 0.57962962963
314 540 0.581481481481
315 540 0.583333333333
316 540 0.585185185185
317 540 0.587037037037
318 540 0.588888888889
319 540 0.590740740741
320 540 0.592592592593
321 540 0.594444444444
322 540 0.596296296296
323 540 0.598148148148
324 540 0.6
325 540 0.601851851852
326 540 0.603703703704
327 540 0.605555555556
328 540 0.607407407407
329 540 0.609259259259
330 540 0.611111111111
331 540 0.612962962963
332 540 0.614814814815
333 540 0.616666666667
334 540 0.618518518519
335 540 0.62037037037
336 540 0.622222222222
337 540 0.624074074074
338 540 0.625925925926
339 540 0.627777777778
340 540 0.62962962963
341 540 0.631481481481
342 540 0.633333333333
343 540 0.635185185185
344 540 0.637037037037
345 540 0.638888888889
346 540 0.640740740741
347 540 0.642592592593
348 540 0.644444444444
349 540 0.646296296296
350 540 0.648148148148
351 540 0.65
352 540 0.651851851852
353 540 0.653703703704
354 540 0.655555555556
355 540 0.657407407407
356 540 0.659259259259
357 540 0.661111111111
358 540 0.662962962963
359 540 0.664814814815
360 540 0.666666666667
361 540 0.668518518519
362 540 0.67037037037
363 540 0.672222222222
364 540 0.674074074074
365 540 0.675925925926
366 540 0.677777777778
367 540 0.67962962963
368 540 0.681481481481
369 540 0.683333333333
370 540 0.685185185185
371 540 0.687037037037
372 540 0.688888888889
373 540 0.690740740741
374 540 0.692592592593
375 540 0.694444444444
376 540 0.696296296296
377 540 0.698148148148
378 540 0.7
379 540 0.701851851852
380 540 0.703703703704
381 540 0.705555555556
382 540 0.707407407407
383 540 0.709259259259
384 540 0.711111111111
385 540 0.712962962963
386 540 0.714814814815
387 540 0.716666666667
388 540 0.718518518519
389 540 0.72037037037
390 540 0.722222222222
391 540 0.724074074074
392 540 0.725925925926
393 540 0.727777777778
394 540 0.72962962963
395 540 0.731481481481
396 540 0.733333333333
397 540 0.735185185185
398 540 0.737037037037
399 540 0.738888888889
400 540 0.740740740741
401 540 0.742592592593
402 540 0.744444444444
403 540 0.746296296296
404 540 0.748148148148
405 540 0.75
406 540 0.751851851852
407 540 0.753703703704
408 540 0.755555555556
409 540 0.757407407407
410 540 0.759259259259
411 540 0.761111111111
412 540 0.762962962963
413 540 0.764814814815
414 540 0.766666666667
415 540 0.768518518519
416 540 0.77037037037
417 540 0.772222222222
418 540 0.774074074074
419 540 0.775925925926
420 540 0.777777777778
421 540 0.77962962963
422 540 0.781481481481
423 540 0.783333333333
424 540 0.785185185185
425 540 0.787037037037
426 540 0.788888888889
427 540 0.790740740741
428 540 0.792592592593
429 540 0.794444444444
430 540 0.796296296296
431 540 0.798148148148
432 540 0.8
433 540 0.801851851852
434 540 0.803703703704
435 540 0.805555555556
436 540 0.807407407407
437 540 0.809259259259
438 540 0.811111111111
439 540 0.812962962963
440 540 0.814814814815
441 540 0.816666666667
442 540 0.818518518519
443 540 0.82037037037
444 540 0.822222222222
445 540 0.824074074074
446 540 0.825925925926
447 540 0.827777777778
448 540 0.82962962963
449 540 0.831481481481
450 540 0.833333333333
451 540 0.835185185185
452 540 0.837037037037
453 540 0.838888888889
454 540 0.840740740741
455 540 0.842592592593
456 540 0.844444444444
457 540 0.846296296296
458 540 0.848148148148
459 540 0.85
460 540 0.851851851852
461 540 0.853703703704
462 540 0.855555555556
463 540 0.857407407407
464 540 0.859259259259
465 540 0.861111111111
466 540 0.862962962963
467 540 0.864814814815
468 540 0.866666666667
469 540 0.868518518519
470 540 0.87037037037
471 540 0.872222222222
472 540 0.874074074074
473 540 0.875925925926
474 540 0.877777777778
475 540 0.87962962963
476 540 0.881481481481
477 540 0.883333333333
478 540 0.885185185185
479 540 0.887037037037
480 540 0.888888888889
481 540 0.890740740741
482 540 0.892592592593
483 540 0.894444444444
484 540 0.896296296296
485 540 0.898148148148
486 540 0.9
487 540 0.901851851852
488 540 0.903703703704
489 540 0.905555555556
490 540 0.907407407407
491 540 0.909259259259
492 540 0.911111111111
493 540 0.912962962963
494 540 0.914814814815
495 540 0.916666666667
496 540 0.918518518519
497 540 0.92037037037
498 540 0.922222222222
499 540 0.924074074074
500 540 0.925925925926
501 540 0.927777777778
502 540 0.92962962963
503 540 0.931481481481
504 540 0.933333333333
505 540 0.935185185185
506 540 0.937037037037
507 540 0.938888888889
508 540 0.940740740741
509 540 0.942592592593
510 540 0.944444444444
511 540 0.946296296296
512 540 0.948148148148
513 540 0.95
514 540 0.951851851852
515 540 0.953703703704
516 540 0.955555555556
517 540 0.957407407407
518 540 0.959259259259
519 540 0.961111111111
520 540 0.962962962963
521 540 0.964814814815
522 540 0.966666666667
523 540 0.968518518519
524 540 0.97037037037
525 540 0.972222222222
526 540 0.974074074074
527 540 0.975925925926
528 540 0.977777777778
529 540 0.97962962963
530 540 0.981481481481
531 540 0.983333333333
532 540 0.985185185185
533 540 0.987037037037
534 540 0.988888888889
535 540 0.990740740741
536 540 0.992592592593
537 540 0.994444444444
538 540 0.996296296296
539 540 0.998148148148
Conditional Total Probability Law computation accuracy: 0.898148
4
Full feature set accuracy: 0.900000
Naive plain prediction accuracy: 0.844444
Most porbable fill in accuracy: 0.875926
0 540 0.0
1 540 0.00185185185185
2 540 0.0037037037037
3 540 0.00555555555556
4 540 0.00740740740741
5 540 0.00925925925926
6 540 0.0111111111111
7 540 0.012962962963
8 540 0.0148148148148
9 540 0.0166666666667
10 540 0.0185185185185
11 540 0.0203703703704
12 540 0.0222222222222
13 540 0.0240740740741
14 540 0.0259259259259
15 540 0.0277777777778
16 540 0.0296296296296
17 540 0.0314814814815
18 540 0.0333333333333
19 540 0.0351851851852
20 540 0.037037037037
21 540 0.0388888888889
22 540 0.0407407407407
23 540 0.0425925925926
24 540 0.0444444444444
25 540 0.0462962962963
26 540 0.0481481481481
27 540 0.05
28 540 0.0518518518519
29 540 0.0537037037037
30 540 0.0555555555556
31 540 0.0574074074074
32 540 0.0592592592593
33 540 0.0611111111111
34 540 0.062962962963
35 540 0.0648148148148
36 540 0.0666666666667
37 540 0.0685185185185
38 540 0.0703703703704
39 540 0.0722222222222
40 540 0.0740740740741
41 540 0.0759259259259
42 540 0.0777777777778
43 540 0.0796296296296
44 540 0.0814814814815
45 540 0.0833333333333
46 540 0.0851851851852
47 540 0.087037037037
48 540 0.0888888888889
49 540 0.0907407407407
50 540 0.0925925925926
51 540 0.0944444444444
52 540 0.0962962962963
53 540 0.0981481481481
54 540 0.1
55 540 0.101851851852
56 540 0.103703703704
57 540 0.105555555556
58 540 0.107407407407
59 540 0.109259259259
60 540 0.111111111111
61 540 0.112962962963
62 540 0.114814814815
63 540 0.116666666667
64 540 0.118518518519
65 540 0.12037037037
66 540 0.122222222222
67 540 0.124074074074
68 540 0.125925925926
69 540 0.127777777778
70 540 0.12962962963
71 540 0.131481481481
72 540 0.133333333333
73 540 0.135185185185
74 540 0.137037037037
75 540 0.138888888889
76 540 0.140740740741
77 540 0.142592592593
78 540 0.144444444444
79 540 0.146296296296
80 540 0.148148148148
81 540 0.15
82 540 0.151851851852
83 540 0.153703703704
84 540 0.155555555556
85 540 0.157407407407
86 540 0.159259259259
87 540 0.161111111111
88 540 0.162962962963
89 540 0.164814814815
90 540 0.166666666667
91 540 0.168518518519
92 540 0.17037037037
93 540 0.172222222222
94 540 0.174074074074
95 540 0.175925925926
96 540 0.177777777778
97 540 0.17962962963
98 540 0.181481481481
99 540 0.183333333333
100 540 0.185185185185
101 540 0.187037037037
102 540 0.188888888889
103 540 0.190740740741
104 540 0.192592592593
105 540 0.194444444444
106 540 0.196296296296
107 540 0.198148148148
108 540 0.2
109 540 0.201851851852
110 540 0.203703703704
111 540 0.205555555556
112 540 0.207407407407
113 540 0.209259259259
114 540 0.211111111111
115 540 0.212962962963
116 540 0.214814814815
117 540 0.216666666667
118 540 0.218518518519
119 540 0.22037037037
120 540 0.222222222222
121 540 0.224074074074
122 540 0.225925925926
123 540 0.227777777778
124 540 0.22962962963
125 540 0.231481481481
126 540 0.233333333333
127 540 0.235185185185
128 540 0.237037037037
129 540 0.238888888889
130 540 0.240740740741
131 540 0.242592592593
132 540 0.244444444444
133 540 0.246296296296
134 540 0.248148148148
135 540 0.25
136 540 0.251851851852
137 540 0.253703703704
138 540 0.255555555556
139 540 0.257407407407
140 540 0.259259259259
141 540 0.261111111111
142 540 0.262962962963
143 540 0.264814814815
144 540 0.266666666667
145 540 0.268518518519
146 540 0.27037037037
147 540 0.272222222222
148 540 0.274074074074
149 540 0.275925925926
150 540 0.277777777778
151 540 0.27962962963
152 540 0.281481481481
153 540 0.283333333333
154 540 0.285185185185
155 540 0.287037037037
156 540 0.288888888889
157 540 0.290740740741
158 540 0.292592592593
159 540 0.294444444444
160 540 0.296296296296
161 540 0.298148148148
162 540 0.3
163 540 0.301851851852
164 540 0.303703703704
165 540 0.305555555556
166 540 0.307407407407
167 540 0.309259259259
168 540 0.311111111111
169 540 0.312962962963
170 540 0.314814814815
171 540 0.316666666667
172 540 0.318518518519
173 540 0.32037037037
174 540 0.322222222222
175 540 0.324074074074
176 540 0.325925925926
177 540 0.327777777778
178 540 0.32962962963
179 540 0.331481481481
180 540 0.333333333333
181 540 0.335185185185
182 540 0.337037037037
183 540 0.338888888889
184 540 0.340740740741
185 540 0.342592592593
186 540 0.344444444444
187 540 0.346296296296
188 540 0.348148148148
189 540 0.35
190 540 0.351851851852
191 540 0.353703703704
192 540 0.355555555556
193 540 0.357407407407
194 540 0.359259259259
195 540 0.361111111111
196 540 0.362962962963
197 540 0.364814814815
198 540 0.366666666667
199 540 0.368518518519
200 540 0.37037037037
201 540 0.372222222222
202 540 0.374074074074
203 540 0.375925925926
204 540 0.377777777778
205 540 0.37962962963
206 540 0.381481481481
207 540 0.383333333333
208 540 0.385185185185
209 540 0.387037037037
210 540 0.388888888889
211 540 0.390740740741
212 540 0.392592592593
213 540 0.394444444444
214 540 0.396296296296
215 540 0.398148148148
216 540 0.4
217 540 0.401851851852
218 540 0.403703703704
219 540 0.405555555556
220 540 0.407407407407
221 540 0.409259259259
222 540 0.411111111111
223 540 0.412962962963
224 540 0.414814814815
225 540 0.416666666667
226 540 0.418518518519
227 540 0.42037037037
228 540 0.422222222222
229 540 0.424074074074
230 540 0.425925925926
231 540 0.427777777778
232 540 0.42962962963
233 540 0.431481481481
234 540 0.433333333333
235 540 0.435185185185
236 540 0.437037037037
237 540 0.438888888889
238 540 0.440740740741
239 540 0.442592592593
240 540 0.444444444444
241 540 0.446296296296
242 540 0.448148148148
243 540 0.45
244 540 0.451851851852
245 540 0.453703703704
246 540 0.455555555556
247 540 0.457407407407
248 540 0.459259259259
249 540 0.461111111111
250 540 0.462962962963
251 540 0.464814814815
252 540 0.466666666667
253 540 0.468518518519
254 540 0.47037037037
255 540 0.472222222222
256 540 0.474074074074
257 540 0.475925925926
258 540 0.477777777778
259 540 0.47962962963
260 540 0.481481481481
261 540 0.483333333333
262 540 0.485185185185
263 540 0.487037037037
264 540 0.488888888889
265 540 0.490740740741
266 540 0.492592592593
267 540 0.494444444444
268 540 0.496296296296
269 540 0.498148148148
270 540 0.5
271 540 0.501851851852
272 540 0.503703703704
273 540 0.505555555556
274 540 0.507407407407
275 540 0.509259259259
276 540 0.511111111111
277 540 0.512962962963
278 540 0.514814814815
279 540 0.516666666667
280 540 0.518518518519
281 540 0.52037037037
282 540 0.522222222222
283 540 0.524074074074
284 540 0.525925925926
285 540 0.527777777778
286 540 0.52962962963
287 540 0.531481481481
288 540 0.533333333333
289 540 0.535185185185
290 540 0.537037037037
291 540 0.538888888889
292 540 0.540740740741
293 540 0.542592592593
294 540 0.544444444444
295 540 0.546296296296
296 540 0.548148148148
297 540 0.55
298 540 0.551851851852
299 540 0.553703703704
300 540 0.555555555556
301 540 0.557407407407
302 540 0.559259259259
303 540 0.561111111111
304 540 0.562962962963
305 540 0.564814814815
306 540 0.566666666667
307 540 0.568518518519
308 540 0.57037037037
309 540 0.572222222222
310 540 0.574074074074
311 540 0.575925925926
312 540 0.577777777778
313 540 0.57962962963
314 540 0.581481481481
315 540 0.583333333333
316 540 0.585185185185
317 540 0.587037037037
318 540 0.588888888889
319 540 0.590740740741
320 540 0.592592592593
321 540 0.594444444444
322 540 0.596296296296
323 540 0.598148148148
324 540 0.6
325 540 0.601851851852
326 540 0.603703703704
327 540 0.605555555556
328 540 0.607407407407
329 540 0.609259259259
330 540 0.611111111111
331 540 0.612962962963
332 540 0.614814814815
333 540 0.616666666667
334 540 0.618518518519
335 540 0.62037037037
336 540 0.622222222222
337 540 0.624074074074
338 540 0.625925925926
339 540 0.627777777778
340 540 0.62962962963
341 540 0.631481481481
342 540 0.633333333333
343 540 0.635185185185
344 540 0.637037037037
345 540 0.638888888889
346 540 0.640740740741
347 540 0.642592592593
348 540 0.644444444444
349 540 0.646296296296
350 540 0.648148148148
351 540 0.65
352 540 0.651851851852
353 540 0.653703703704
354 540 0.655555555556
355 540 0.657407407407
356 540 0.659259259259
357 540 0.661111111111
358 540 0.662962962963
359 540 0.664814814815
360 540 0.666666666667
361 540 0.668518518519
362 540 0.67037037037
363 540 0.672222222222
364 540 0.674074074074
365 540 0.675925925926
366 540 0.677777777778
367 540 0.67962962963
368 540 0.681481481481
369 540 0.683333333333
370 540 0.685185185185
371 540 0.687037037037
372 540 0.688888888889
373 540 0.690740740741
374 540 0.692592592593
375 540 0.694444444444
376 540 0.696296296296
377 540 0.698148148148
378 540 0.7
379 540 0.701851851852
380 540 0.703703703704
381 540 0.705555555556
382 540 0.707407407407
383 540 0.709259259259
384 540 0.711111111111
385 540 0.712962962963
386 540 0.714814814815
387 540 0.716666666667
388 540 0.718518518519
389 540 0.72037037037
390 540 0.722222222222
391 540 0.724074074074
392 540 0.725925925926
393 540 0.727777777778
394 540 0.72962962963
395 540 0.731481481481
396 540 0.733333333333
397 540 0.735185185185
398 540 0.737037037037
399 540 0.738888888889
400 540 0.740740740741
401 540 0.742592592593
402 540 0.744444444444
403 540 0.746296296296
404 540 0.748148148148
405 540 0.75
406 540 0.751851851852
407 540 0.753703703704
408 540 0.755555555556
409 540 0.757407407407
410 540 0.759259259259
411 540 0.761111111111
412 540 0.762962962963
413 540 0.764814814815
414 540 0.766666666667
415 540 0.768518518519
416 540 0.77037037037
417 540 0.772222222222
418 540 0.774074074074
419 540 0.775925925926
420 540 0.777777777778
421 540 0.77962962963
422 540 0.781481481481
423 540 0.783333333333
424 540 0.785185185185
425 540 0.787037037037
426 540 0.788888888889
427 540 0.790740740741
428 540 0.792592592593
429 540 0.794444444444
430 540 0.796296296296
431 540 0.798148148148
432 540 0.8
433 540 0.801851851852
434 540 0.803703703704
435 540 0.805555555556
436 540 0.807407407407
437 540 0.809259259259
438 540 0.811111111111
439 540 0.812962962963
440 540 0.814814814815
441 540 0.816666666667
442 540 0.818518518519
443 540 0.82037037037
444 540 0.822222222222
445 540 0.824074074074
446 540 0.825925925926
447 540 0.827777777778
448 540 0.82962962963
449 540 0.831481481481
450 540 0.833333333333
451 540 0.835185185185
452 540 0.837037037037
453 540 0.838888888889
454 540 0.840740740741
455 540 0.842592592593
456 540 0.844444444444
457 540 0.846296296296
458 540 0.848148148148
459 540 0.85
460 540 0.851851851852
461 540 0.853703703704
462 540 0.855555555556
463 540 0.857407407407
464 540 0.859259259259
465 540 0.861111111111
466 540 0.862962962963
467 540 0.864814814815
468 540 0.866666666667
469 540 0.868518518519
470 540 0.87037037037
471 540 0.872222222222
472 540 0.874074074074
473 540 0.875925925926
474 540 0.877777777778
475 540 0.87962962963
476 540 0.881481481481
477 540 0.883333333333
478 540 0.885185185185
479 540 0.887037037037
480 540 0.888888888889
481 540 0.890740740741
482 540 0.892592592593
483 540 0.894444444444
484 540 0.896296296296
485 540 0.898148148148
486 540 0.9
487 540 0.901851851852
488 540 0.903703703704
489 540 0.905555555556
490 540 0.907407407407
491 540 0.909259259259
492 540 0.911111111111
493 540 0.912962962963
494 540 0.914814814815
495 540 0.916666666667
496 540 0.918518518519
497 540 0.92037037037
498 540 0.922222222222
499 540 0.924074074074
500 540 0.925925925926
501 540 0.927777777778
502 540 0.92962962963
503 540 0.931481481481
504 540 0.933333333333
505 540 0.935185185185
506 540 0.937037037037
507 540 0.938888888889
508 540 0.940740740741
509 540 0.942592592593
510 540 0.944444444444
511 540 0.946296296296
512 540 0.948148148148
513 540 0.95
514 540 0.951851851852
515 540 0.953703703704
516 540 0.955555555556
517 540 0.957407407407
518 540 0.959259259259
519 540 0.961111111111
520 540 0.962962962963
521 540 0.964814814815
522 540 0.966666666667
523 540 0.968518518519
524 540 0.97037037037
525 540 0.972222222222
526 540 0.974074074074
527 540 0.975925925926
528 540 0.977777777778
529 540 0.97962962963
530 540 0.981481481481
531 540 0.983333333333
532 540 0.985185185185
533 540 0.987037037037
534 540 0.988888888889
535 540 0.990740740741
536 540 0.992592592593
537 540 0.994444444444
538 540 0.996296296296
539 540 0.998148148148
Condition